<?xml version="1.0" encoding="UTF-8"?>
<testsuite xmlns:xsi="http://www.w3.org/2001/XMLSchema-instance" xsi:noNamespaceSchemaLocation="https://maven.apache.org/surefire/maven-surefire-plugin/xsd/surefire-test-report.xsd" name="com.btrix.runners.CukesRunner" time="47.577" tests="6" errors="1" skipped="0" failures="0">
  <properties>
[...]
</properties>
  <testcase name="Go to Chat and Calls as a helpdesk" classname="Navigation menu options" time="6.752"/>
  <testcase name="Go to Chat and Calls as a helpdesk" classname="Navigation menu options" time="24.644">
    <error message="Expected condition failed: waiting for title to be &quot;Portal&quot;. Current title: &quot;EULA violation&quot; (tried for 20 second(s) with 500 milliseconds interval)&#10;Build info: version: &apos;3.141.59&apos;, revision: &apos;e82be7d358&apos;, time: &apos;2018-11-14T08:17:03&apos;&#10;System info: host: &apos;Metins-MacBook-Pro-2.local&apos;, ip: &apos;2600:8806:6202:3600:7473:10b:2d40:3f67%en0&apos;, os.name: &apos;Mac OS X&apos;, os.arch: &apos;x86_64&apos;, os.version: &apos;10.14.6&apos;, java.version: &apos;11.0.2&apos;&#10;Driver info: org.openqa.selenium.chrome.ChromeDriver&#10;Capabilities {acceptInsecureCerts: false, browserName: chrome, browserVersion: 76.0.3809.100, chrome: {chromedriverVersion: 76.0.3809.68 (420c9498db8ce..., userDataDir: /var/folders/38/wpb6_p291t3...}, goog:chromeOptions: {debuggerAddress: localhost:53315}, javascriptEnabled: true, networkConnectionEnabled: false, pageLoadStrategy: normal, platform: MAC, platformName: MAC, proxy: Proxy(), setWindowRect: true, strictFileInteractability: false, timeouts: {implicit: 0, pageLoad: 300000, script: 30000}, unhandledPromptBehavior: dismiss and notify}&#10;Session ID: 3b5cd106c15ce65157dd165e86071d3c" type="org.openqa.selenium.TimeoutException">org.openqa.selenium.TimeoutException: 
Expected condition failed: waiting for title to be "Portal". Current title: "EULA violation" (tried for 20 second(s) with 500 milliseconds interval)
Build info: version: '3.141.59', revision: 'e82be7d358', time: '2018-11-14T08:17:03'
System info: host: 'Metins-MacBook-Pro-2.local', ip: '2600:8806:6202:3600:7473:10b:2d40:3f67%en0', os.name: 'Mac OS X', os.arch: 'x86_64', os.version: '10.14.6', java.version: '11.0.2'
Driver info: org.openqa.selenium.chrome.ChromeDriver
Capabilities {acceptInsecureCerts: false, browserName: chrome, browserVersion: 76.0.3809.100, chrome: {chromedriverVersion: 76.0.3809.68 (420c9498db8ce..., userDataDir: /var/folders/38/wpb6_p291t3...}, goog:chromeOptions: {debuggerAddress: localhost:53315}, javascriptEnabled: true, networkConnectionEnabled: false, pageLoadStrategy: normal, platform: MAC, platformName: MAC, proxy: Proxy(), setWindowRect: true, strictFileInteractability: false, timeouts: {implicit: 0, pageLoad: 300000, script: 30000}, unhandledPromptBehavior: dismiss and notify}
Session ID: 3b5cd106c15ce65157dd165e86071d3c
</error>
    <system-out><![CDATA[Before hooks
browser = chrome
After hooks
]]></system-out>
    <system-err><![CDATA[Starting ChromeDriver 76.0.3809.68 (420c9498db8ce8fcd190a954d51297672c1515d5-refs/branch-heads/3809@{#864}) on port 48051
Only local connections are allowed.
Please protect ports used by ChromeDriver and related test frameworks to prevent access by malicious code.
Aug 26, 2019 2:28:57 AM org.openqa.selenium.remote.ProtocolHandshake createSession
INFO: Detected dialect: W3C
]]></system-err>
  </testcase>
  <testcase name="Go to Chat and Calls as a helpdesk" classname="Navigation menu options" time="3.901"/>
  <testcase name="Go to Chat and Calls as a helpdesk" classname="Navigation menu options" time="3.964"/>
  <testcase name="Go to Chat and Calls as a helpdesk" classname="Navigation menu options" time="3.913"/>
  <testcase name="Go to Chat and Calls as a helpdesk" classname="Navigation menu options" time="4.038"/>
</testsuite>